<?xml version="1.0" encoding="UTF-8"?>
<Site BuildName="Linux-c++"
	BuildStamp="20250630-1645-Experimental"
	Name="DESKTOP-5IEMEDL"
	Generator="ctest-3.28.3"
	CompilerName="/usr/bin/c++"
	CompilerVersion="13.3.0"
	OSName="Linux"
	Hostname="DESKTOP-5IEMEDL"
	OSRelease="5.10.102.1-microsoft-standard-WSL2"
	OSVersion="#1 SMP Wed Mar 2 00:30:59 UTC 2022"
	OSPlatform="x86_64"
	Is64Bits="1"
	VendorString="GenuineIntel"
	VendorID="Intel Corporation"
	FamilyID="6"
	ModelID="69"
	ProcessorCacheSize="3072"
	NumberOfLogicalCPU="4"
	NumberOfPhysicalCPU="2"
	TotalVirtualMemory="1024"
	TotalPhysicalMemory="3106"
	LogicalProcessorsPerPhysical="2"
	ProcessorClockFrequency="1696.07"
	>
	<Testing>
		<StartDateTime>Jun 30 18:45 CEST</StartDateTime>
		<StartTestTime>1751301904</StartTestTime>
		<TestList/>
		<EndDateTime>Jun 30 18:45 CEST</EndDateTime>
		<EndTestTime>1751301904</EndTestTime>
		<ElapsedMinutes>0</ElapsedMinutes>
	</Testing>
</Site>
