Start testing: Jul 01 20:57 CEST
----------------------------------------------------------
Unable to find executable: /home/mnegri/cantiere/build/Debug/boids.t
1/1 Testing: boids.t
1/1 Test: boids.t
Command: ""
Directory: /home/mnegri/cantiere/build
"boids.t" start time: 
Output:
----------------------------------------------------------
<end of output>
Test time =   0.00 sec
----------------------------------------------------------
Test Passed.
"boids.t" end time: Jul 01 20:57 CEST
"boids.t" time elapsed: 00:00:00
----------------------------------------------------------

End testing: Jul 01 20:57 CEST
