Start testing: Jul 02 23:08 CEST
----------------------------------------------------------
1/1 Testing: boids.t
1/1 Test: boids.t
Command: "/home/mnegri/cantiere/build/Debug/boids.t"
Directory: /home/mnegri/cantiere/build
"boids.t" start time: Jul 02 23:08 CEST
Output:
----------------------------------------------------------
[doctest] doctest version is "2.4.12"
[doctest] run with "--help" for options
===============================================================================
[doctest] test cases:  7 |  7 passed | 0 failed | 0 skipped
[doctest] assertions: 55 | 55 passed | 0 failed |
[doctest] Status: SUCCESS!
<end of output>
Test time =   0.02 sec
----------------------------------------------------------
Test Passed.
"boids.t" end time: Jul 02 23:08 CEST
"boids.t" time elapsed: 00:00:00
----------------------------------------------------------

End testing: Jul 02 23:08 CEST
